<?xml version="1.0" encoding="UTF-8"?>
<!-- Generated by org.testng.reporters.JUnitXMLReporter -->
<testsuite hostname="DESKTOP-QBFP0JU" name="my hubspot test chrome" tests="3" failures="0" timestamp="7 Mar 2021 07:03:29 GMT" time="93.763" errors="0">
  <testcase name="verifyLoginPageTitleTest" time="0.127" classname="com.MyTests.LoginTest"/>
  <testcase name="verifyLoginPageHeaderTest" time="0.404" classname="com.MyTests.LoginTest"/>
  <testcase name="doLoginTest" time="13.463" classname="com.MyTests.LoginTest"/>
</testsuite> <!-- my hubspot test chrome -->
