<?xml version="1.0" encoding="UTF-8"?>
<!-- Generated by org.testng.reporters.JUnitXMLReporter -->
<testsuite hostname="DESKTOP-QBFP0JU" name="my hubspot test firefox" tests="3" failures="0" timestamp="7 Mar 2021 07:06:51 GMT" time="135.664" errors="0">
  <testcase name="verifyLoginPageTitleTest" time="0.054" classname="com.MyTests.LoginTest"/>
  <testcase name="verifyLoginPageHeaderTest" time="0.872" classname="com.MyTests.LoginTest"/>
  <testcase name="doLoginTest" time="9.156" classname="com.MyTests.LoginTest"/>
</testsuite> <!-- my hubspot test firefox -->
