<?xml version="1.0" encoding="UTF-8"?>
<!-- Generated by org.testng.reporters.JUnitXMLReporter -->
<testsuite hostname="DESKTOP-QBFP0JU" ignored="0" name="my hubspot test chrome" tests="3" failures="0" timestamp="08 Mar 2021 08:00:31 GMT" time="155.664" errors="0">
  <testcase name="verifyLoginPageTitleTest" time="0.134" classname="com.MyTests.LoginTest"/>
  <testcase name="verifyLoginPageHeaderTest" time="1.173" classname="com.MyTests.LoginTest"/>
  <testcase name="doLoginTest" time="14.266" classname="com.MyTests.LoginTest"/>
</testsuite> <!-- my hubspot test chrome -->
