<?xml version="1.0" encoding="UTF-8"?>
<!-- Generated by org.testng.reporters.JUnitXMLReporter -->
<testsuite hostname="DESKTOP-QBFP0JU" ignored="0" name="my hubspot test firefox" tests="3" failures="0" timestamp="08 Mar 2021 08:01:02 GMT" time="187.178" errors="0">
  <testcase name="verifyLoginPageTitleTest" time="0.008" classname="com.MyTests.LoginTest"/>
  <testcase name="verifyLoginPageHeaderTest" time="0.267" classname="com.MyTests.LoginTest"/>
  <testcase name="doLoginTest" time="14.846" classname="com.MyTests.LoginTest"/>
</testsuite> <!-- my hubspot test firefox -->
