<?xml version="1.0" encoding="UTF-8"?>
<testng-results skipped="0" failed="0" ignored="0" total="6" passed="6">
  <reporter-output>
  </reporter-output>
  <suite name="Suite" duration-ms="187178" started-at="2021-03-08T07:57:55Z" finished-at="2021-03-08T08:01:02Z">
    <groups>
    </groups>
    <test name="my hubspot test chrome" duration-ms="155664" started-at="2021-03-08T07:57:55Z" finished-at="2021-03-08T08:00:30Z">
      <class name="com.MyTests.LoginTest">
        <test-method status="PASS" signature="setUpTest(java.lang.String)[pri:0, instance:com.MyTests.LoginTest@6108b2d7]" name="setUpTest" is-config="true" duration-ms="74377" started-at="2021-03-08T07:57:55Z" finished-at="2021-03-08T07:59:09Z">
          <params>
            <param index="0">
              <value>
                <![CDATA[chrome]]>
              </value>
            </param>
          </params>
          <reporter-output>
          </reporter-output>
        </test-method> <!-- setUpTest -->
        <test-method status="PASS" signature="verifyLoginPageTitleTest()[pri:1, instance:com.MyTests.LoginTest@6108b2d7]" name="verifyLoginPageTitleTest" duration-ms="134" started-at="2021-03-08T07:59:09Z" finished-at="2021-03-08T07:59:09Z">
          <reporter-output>
          </reporter-output>
        </test-method> <!-- verifyLoginPageTitleTest -->
        <test-method status="PASS" signature="tearDown()[pri:0, instance:com.MyTests.LoginTest@6108b2d7]" name="tearDown" is-config="true" duration-ms="1597" started-at="2021-03-08T07:59:09Z" finished-at="2021-03-08T07:59:11Z">
          <reporter-output>
          </reporter-output>
        </test-method> <!-- tearDown -->
        <test-method status="PASS" signature="setUpTest(java.lang.String)[pri:0, instance:com.MyTests.LoginTest@6108b2d7]" name="setUpTest" is-config="true" duration-ms="37254" started-at="2021-03-08T07:59:11Z" finished-at="2021-03-08T07:59:48Z">
          <params>
            <param index="0">
              <value>
                <![CDATA[chrome]]>
              </value>
            </param>
          </params>
          <reporter-output>
          </reporter-output>
        </test-method> <!-- setUpTest -->
        <test-method status="PASS" signature="verifyLoginPageHeaderTest()[pri:2, instance:com.MyTests.LoginTest@6108b2d7]" name="verifyLoginPageHeaderTest" duration-ms="1173" started-at="2021-03-08T07:59:48Z" finished-at="2021-03-08T07:59:49Z">
          <reporter-output>
          </reporter-output>
        </test-method> <!-- verifyLoginPageHeaderTest -->
        <test-method status="PASS" signature="tearDown()[pri:0, instance:com.MyTests.LoginTest@6108b2d7]" name="tearDown" is-config="true" duration-ms="1653" started-at="2021-03-08T07:59:49Z" finished-at="2021-03-08T07:59:51Z">
          <reporter-output>
          </reporter-output>
        </test-method> <!-- tearDown -->
        <test-method status="PASS" signature="setUpTest(java.lang.String)[pri:0, instance:com.MyTests.LoginTest@6108b2d7]" name="setUpTest" is-config="true" duration-ms="23607" started-at="2021-03-08T07:59:51Z" finished-at="2021-03-08T08:00:15Z">
          <params>
            <param index="0">
              <value>
                <![CDATA[chrome]]>
              </value>
            </param>
          </params>
          <reporter-output>
          </reporter-output>
        </test-method> <!-- setUpTest -->
        <test-method status="PASS" signature="doLoginTest()[pri:3, instance:com.MyTests.LoginTest@6108b2d7]" name="doLoginTest" duration-ms="14266" started-at="2021-03-08T08:00:15Z" finished-at="2021-03-08T08:00:29Z">
          <reporter-output>
          </reporter-output>
        </test-method> <!-- doLoginTest -->
        <test-method status="PASS" signature="tearDown()[pri:0, instance:com.MyTests.LoginTest@6108b2d7]" name="tearDown" is-config="true" duration-ms="1381" started-at="2021-03-08T08:00:29Z" finished-at="2021-03-08T08:00:30Z">
          <reporter-output>
          </reporter-output>
        </test-method> <!-- tearDown -->
      </class> <!-- com.MyTests.LoginTest -->
    </test> <!-- my hubspot test chrome -->
    <test name="my hubspot test firefox" duration-ms="187178" started-at="2021-03-08T07:57:55Z" finished-at="2021-03-08T08:01:02Z">
      <class name="com.MyTests.LoginTest">
        <test-method status="PASS" signature="setUpTest(java.lang.String)[pri:0, instance:com.MyTests.LoginTest@246ae04d]" name="setUpTest" is-config="true" duration-ms="89800" started-at="2021-03-08T07:57:55Z" finished-at="2021-03-08T07:59:25Z">
          <params>
            <param index="0">
              <value>
                <![CDATA[ff]]>
              </value>
            </param>
          </params>
          <reporter-output>
          </reporter-output>
        </test-method> <!-- setUpTest -->
        <test-method status="PASS" signature="verifyLoginPageTitleTest()[pri:1, instance:com.MyTests.LoginTest@246ae04d]" name="verifyLoginPageTitleTest" duration-ms="8" started-at="2021-03-08T07:59:25Z" finished-at="2021-03-08T07:59:25Z">
          <reporter-output>
          </reporter-output>
        </test-method> <!-- verifyLoginPageTitleTest -->
        <test-method status="PASS" signature="tearDown()[pri:0, instance:com.MyTests.LoginTest@246ae04d]" name="tearDown" is-config="true" duration-ms="4476" started-at="2021-03-08T07:59:25Z" finished-at="2021-03-08T07:59:29Z">
          <reporter-output>
          </reporter-output>
        </test-method> <!-- tearDown -->
        <test-method status="PASS" signature="setUpTest(java.lang.String)[pri:0, instance:com.MyTests.LoginTest@246ae04d]" name="setUpTest" is-config="true" duration-ms="35912" started-at="2021-03-08T07:59:29Z" finished-at="2021-03-08T08:00:05Z">
          <params>
            <param index="0">
              <value>
                <![CDATA[ff]]>
              </value>
            </param>
          </params>
          <reporter-output>
          </reporter-output>
        </test-method> <!-- setUpTest -->
        <test-method status="PASS" signature="verifyLoginPageHeaderTest()[pri:2, instance:com.MyTests.LoginTest@246ae04d]" name="verifyLoginPageHeaderTest" duration-ms="267" started-at="2021-03-08T08:00:05Z" finished-at="2021-03-08T08:00:05Z">
          <reporter-output>
          </reporter-output>
        </test-method> <!-- verifyLoginPageHeaderTest -->
        <test-method status="PASS" signature="tearDown()[pri:0, instance:com.MyTests.LoginTest@246ae04d]" name="tearDown" is-config="true" duration-ms="3921" started-at="2021-03-08T08:00:05Z" finished-at="2021-03-08T08:00:09Z">
          <reporter-output>
          </reporter-output>
        </test-method> <!-- tearDown -->
        <test-method status="PASS" signature="setUpTest(java.lang.String)[pri:0, instance:com.MyTests.LoginTest@246ae04d]" name="setUpTest" is-config="true" duration-ms="30486" started-at="2021-03-08T08:00:09Z" finished-at="2021-03-08T08:00:40Z">
          <params>
            <param index="0">
              <value>
                <![CDATA[ff]]>
              </value>
            </param>
          </params>
          <reporter-output>
          </reporter-output>
        </test-method> <!-- setUpTest -->
        <test-method status="PASS" signature="doLoginTest()[pri:3, instance:com.MyTests.LoginTest@246ae04d]" name="doLoginTest" duration-ms="14846" started-at="2021-03-08T08:00:40Z" finished-at="2021-03-08T08:00:55Z">
          <reporter-output>
          </reporter-output>
        </test-method> <!-- doLoginTest -->
        <test-method status="PASS" signature="tearDown()[pri:0, instance:com.MyTests.LoginTest@246ae04d]" name="tearDown" is-config="true" duration-ms="7300" started-at="2021-03-08T08:00:55Z" finished-at="2021-03-08T08:01:02Z">
          <reporter-output>
          </reporter-output>
        </test-method> <!-- tearDown -->
      </class> <!-- com.MyTests.LoginTest -->
    </test> <!-- my hubspot test firefox -->
  </suite> <!-- Suite -->
</testng-results>
