<?xml version="1.0" encoding="UTF-8"?>
<testng-results skipped="0" failed="0" total="3" passed="3">
  <reporter-output>
  </reporter-output>
  <suite name="Suite" duration-ms="135664" started-at="2021-03-07T07:04:35Z" finished-at="2021-03-07T07:06:51Z">
    <groups>
    </groups>
    <test name="my hubspot test firefox" duration-ms="135664" started-at="2021-03-07T07:04:35Z" finished-at="2021-03-07T07:06:51Z">
      <class name="com.MyTests.LoginTest">
        <test-method status="PASS" signature="setUpTest(java.lang.String)[pri:0, instance:com.MyTests.LoginTest@49e4cb85]" name="setUpTest" is-config="true" duration-ms="52071" started-at="2021-03-07T12:34:35Z" finished-at="2021-03-07T12:35:27Z">
          <params>
            <param index="0">
              <value>
                <![CDATA[ff]]>
              </value>
            </param>
          </params>
          <reporter-output>
          </reporter-output>
        </test-method> <!-- setUpTest -->
        <test-method status="PASS" signature="verifyLoginPageTitleTest()[pri:1, instance:com.MyTests.LoginTest@49e4cb85]" name="verifyLoginPageTitleTest" duration-ms="54" started-at="2021-03-07T12:35:27Z" finished-at="2021-03-07T12:35:27Z">
          <reporter-output>
          </reporter-output>
        </test-method> <!-- verifyLoginPageTitleTest -->
        <test-method status="PASS" signature="tearDown()[pri:0, instance:com.MyTests.LoginTest@49e4cb85]" name="tearDown" is-config="true" duration-ms="4418" started-at="2021-03-07T12:35:27Z" finished-at="2021-03-07T12:35:32Z">
          <reporter-output>
          </reporter-output>
        </test-method> <!-- tearDown -->
        <test-method status="PASS" signature="setUpTest(java.lang.String)[pri:0, instance:com.MyTests.LoginTest@49e4cb85]" name="setUpTest" is-config="true" duration-ms="30319" started-at="2021-03-07T12:35:32Z" finished-at="2021-03-07T12:36:02Z">
          <params>
            <param index="0">
              <value>
                <![CDATA[ff]]>
              </value>
            </param>
          </params>
          <reporter-output>
          </reporter-output>
        </test-method> <!-- setUpTest -->
        <test-method status="PASS" signature="verifyLoginPageHeaderTest()[pri:2, instance:com.MyTests.LoginTest@49e4cb85]" name="verifyLoginPageHeaderTest" duration-ms="872" started-at="2021-03-07T12:36:02Z" finished-at="2021-03-07T12:36:03Z">
          <reporter-output>
          </reporter-output>
        </test-method> <!-- verifyLoginPageHeaderTest -->
        <test-method status="PASS" signature="tearDown()[pri:0, instance:com.MyTests.LoginTest@49e4cb85]" name="tearDown" is-config="true" duration-ms="2642" started-at="2021-03-07T12:36:03Z" finished-at="2021-03-07T12:36:06Z">
          <reporter-output>
          </reporter-output>
        </test-method> <!-- tearDown -->
        <test-method status="PASS" signature="setUpTest(java.lang.String)[pri:0, instance:com.MyTests.LoginTest@49e4cb85]" name="setUpTest" is-config="true" duration-ms="29662" started-at="2021-03-07T12:36:06Z" finished-at="2021-03-07T12:36:35Z">
          <params>
            <param index="0">
              <value>
                <![CDATA[ff]]>
              </value>
            </param>
          </params>
          <reporter-output>
          </reporter-output>
        </test-method> <!-- setUpTest -->
        <test-method status="PASS" signature="doLoginTest()[pri:3, instance:com.MyTests.LoginTest@49e4cb85]" name="doLoginTest" duration-ms="9156" started-at="2021-03-07T12:36:35Z" finished-at="2021-03-07T12:36:44Z">
          <reporter-output>
          </reporter-output>
        </test-method> <!-- doLoginTest -->
        <test-method status="PASS" signature="tearDown()[pri:0, instance:com.MyTests.LoginTest@49e4cb85]" name="tearDown" is-config="true" duration-ms="6431" started-at="2021-03-07T12:36:44Z" finished-at="2021-03-07T12:36:51Z">
          <reporter-output>
          </reporter-output>
        </test-method> <!-- tearDown -->
      </class> <!-- com.MyTests.LoginTest -->
    </test> <!-- my hubspot test firefox -->
  </suite> <!-- Suite -->
</testng-results>
